<?xml version="1.0" encoding="UTF-8"?>
<testsuite name="com.yaps.petstore.CustomerTest" tests="4" skipped="0" failures="0" errors="0" timestamp="2020-01-20T07:23:20" hostname="Pascal-AE15" time="0.012">
  <properties/>
  <testcase name="testCreateValidCustomer" classname="com.yaps.petstore.CustomerTest" time="0.001"/>
  <testcase name="testCreateCustomerWithInvalidValues" classname="com.yaps.petstore.CustomerTest" time="0.0"/>
  <testcase name="testCreateValidCustomer" classname="com.yaps.petstore.CustomerTest" time="0.001"/>
  <testcase name="testCreateCustomerWithInvalidValues" classname="com.yaps.petstore.CustomerTest" time="0.001"/>
  <system-out><![CDATA[]]></system-out>
  <system-err><![CDATA[]]></system-err>
</testsuite>
